d:\code\c_c++\me\nobanme\build\common.pdb
d:\code\c_c++\me\nobanme\build\common.idb
d:\code\c_c++\me\nobanme\common\x64\debug\zydis_wrapper.obj
d:\code\c_c++\me\nobanme\common\x64\debug\pipe.obj
d:\code\c_c++\me\nobanme\common\x64\debug\easypdb.obj
d:\code\c_c++\me\nobanme\common\x64\debug\md5.obj
d:\code\c_c++\me\nobanme\common\x64\debug\log.obj
d:\code\c_c++\me\nobanme\common\x64\debug\zbase64.obj
d:\code\c_c++\me\nobanme\common\x64\debug\rc4.obj
d:\code\c_c++\me\nobanme\common\x64\debug\compression.obj
d:\code\c_c++\me\nobanme\common\x64\debug\aes.obj
d:\code\c_c++\me\nobanme\common\x64\debug\zydis.obj
d:\code\c_c++\me\nobanme\common\x64\debug\utils.obj
d:\code\c_c++\me\nobanme\common\x64\debug\pefile.obj
d:\code\c_c++\me\nobanme\common\x64\debug\memstub.obj
d:\code\c_c++\me\nobanme\build\common.lib
d:\code\c_c++\me\nobanme\common\x64\debug\common.tlog\cl.command.1.tlog
d:\code\c_c++\me\nobanme\common\x64\debug\common.tlog\cl.read.1.tlog
d:\code\c_c++\me\nobanme\common\x64\debug\common.tlog\cl.write.1.tlog
d:\code\c_c++\me\nobanme\common\x64\debug\common.tlog\lib-link.read.1.tlog
d:\code\c_c++\me\nobanme\common\x64\debug\common.tlog\lib-link.write.1.tlog
d:\code\c_c++\me\nobanme\common\x64\debug\common.tlog\lib.command.1.tlog
