d:\code\c_c++\pjark\control\x64\debug\vc142.pdb
d:\code\c_c++\pjark\control\x64\debug\vc142.idb
d:\code\c_c++\pjark\control\x64\debug\imgui_widgets.obj
d:\code\c_c++\pjark\control\x64\debug\imgui_tables.obj
d:\code\c_c++\pjark\control\x64\debug\imgui_impl_win32.obj
d:\code\c_c++\pjark\control\x64\debug\imgui_impl_dx11.obj
d:\code\c_c++\pjark\control\x64\debug\imgui_draw.obj
d:\code\c_c++\pjark\control\x64\debug\imgui_demo.obj
d:\code\c_c++\pjark\control\x64\debug\imgui.obj
d:\code\c_c++\pjark\control\x64\debug\imgui_theme.obj
d:\code\c_c++\pjark\control\x64\debug\zydis.obj
d:\code\c_c++\pjark\control\x64\debug\main.obj
d:\code\c_c++\pjark\build\contorl.lib
d:\code\c_c++\pjark\build\contorl.exp
d:\code\c_c++\pjark\build\contorl.exe
d:\code\c_c++\pjark\build\contorl.ilk
d:\code\c_c++\pjark\build\contorl.pdb
d:\code\c_c++\pjark\control\x64\debug\contorl.tlog\cl.command.1.tlog
d:\code\c_c++\pjark\control\x64\debug\contorl.tlog\cl.read.1.tlog
d:\code\c_c++\pjark\control\x64\debug\contorl.tlog\cl.write.1.tlog
d:\code\c_c++\pjark\control\x64\debug\contorl.tlog\contorl.write.1u.tlog
d:\code\c_c++\pjark\control\x64\debug\contorl.tlog\link.command.1.tlog
d:\code\c_c++\pjark\control\x64\debug\contorl.tlog\link.delete.1.tlog
d:\code\c_c++\pjark\control\x64\debug\contorl.tlog\link.read.1.tlog
d:\code\c_c++\pjark\control\x64\debug\contorl.tlog\link.write.1.tlog
