c:\users\v_trgtang\desktop\pjwatch\control\x64\debug\vc142.pdb
c:\users\v_trgtang\desktop\pjwatch\control\x64\debug\vc142.idb
c:\users\v_trgtang\desktop\pjwatch\control\x64\debug\imgui_widgets.obj
c:\users\v_trgtang\desktop\pjwatch\control\x64\debug\imgui_tables.obj
c:\users\v_trgtang\desktop\pjwatch\control\x64\debug\imgui_impl_win32.obj
c:\users\v_trgtang\desktop\pjwatch\control\x64\debug\imgui_impl_dx12.obj
c:\users\v_trgtang\desktop\pjwatch\control\x64\debug\imgui_draw.obj
c:\users\v_trgtang\desktop\pjwatch\control\x64\debug\imgui_demo.obj
c:\users\v_trgtang\desktop\pjwatch\control\x64\debug\imgui.obj
c:\users\v_trgtang\desktop\pjwatch\control\x64\debug\main.obj
c:\users\v_trgtang\desktop\pjwatch\control\x64\debug\zydis.obj
c:\users\v_trgtang\desktop\pjwatch\x64\debug\control.lib
c:\users\v_trgtang\desktop\pjwatch\x64\debug\control.exp
c:\users\superrong\desktop\pjwatch\x64\debug\control.lib
c:\users\superrong\desktop\pjwatch\x64\debug\control.exp
c:\users\v_trgtang\desktop\pjwatch\x64\debug\control.exe
c:\users\v_trgtang\desktop\pjwatch\x64\debug\control.ilk
c:\users\v_trgtang\desktop\pjwatch\x64\debug\control.pdb
c:\users\v_trgtang\desktop\pjwatch\control\x64\debug\control.ilk
c:\users\v_trgtang\desktop\pjwatch\control\x64\debug\vc143.idb
c:\users\v_trgtang\desktop\pjwatch\control\x64\debug\vc143.pdb
c:\users\v_trgtang\desktop\pjwatch\control\x64\debug\control.tlog\cl.command.1.tlog
c:\users\v_trgtang\desktop\pjwatch\control\x64\debug\control.tlog\cl.items.tlog
c:\users\v_trgtang\desktop\pjwatch\control\x64\debug\control.tlog\cl.read.1.tlog
c:\users\v_trgtang\desktop\pjwatch\control\x64\debug\control.tlog\cl.write.1.tlog
c:\users\v_trgtang\desktop\pjwatch\control\x64\debug\control.tlog\control.write.1u.tlog
c:\users\v_trgtang\desktop\pjwatch\control\x64\debug\control.tlog\link.command.1.tlog
c:\users\v_trgtang\desktop\pjwatch\control\x64\debug\control.tlog\link.read.1.tlog
c:\users\v_trgtang\desktop\pjwatch\control\x64\debug\control.tlog\link.write.1.tlog
