D:\SoftWare\Microsoft Visual Studio\Visual Studio\MSBuild\Microsoft\VC\v160\Microsoft.CppBuild.targets(519,5): warning MSB8028: 中间目录(x64\Debug\)包含从另一个项目(control.vcxproj)共享的文件。   这会导致错误的清除和重新生成行为。
  main.cpp
C:\Program Files (x86)\Microsoft DirectX SDK (June 2010)\Include\dxgitype.h(12,1): warning C4005: “DXGI_STATUS_OCCLUDED”: 宏重定义
C:\Program Files (x86)\Windows Kits\10\Include\10.0.22621.0\shared\winerror.h(58064): message : 参见“DXGI_STATUS_OCCLUDED”的前一个定义
C:\Program Files (x86)\Microsoft DirectX SDK (June 2010)\Include\dxgitype.h(13,1): warning C4005: “DXGI_STATUS_CLIPPED”: 宏重定义
C:\Program Files (x86)\Windows Kits\10\Include\10.0.22621.0\shared\winerror.h(58073): message : 参见“DXGI_STATUS_CLIPPED”的前一个定义
C:\Program Files (x86)\Microsoft DirectX SDK (June 2010)\Include\dxgitype.h(14,1): warning C4005: “DXGI_STATUS_NO_REDIRECTION”: 宏重定义
C:\Program Files (x86)\Windows Kits\10\Include\10.0.22621.0\shared\winerror.h(58082): message : 参见“DXGI_STATUS_NO_REDIRECTION”的前一个定义
C:\Program Files (x86)\Microsoft DirectX SDK (June 2010)\Include\dxgitype.h(15,1): warning C4005: “DXGI_STATUS_NO_DESKTOP_ACCESS”: 宏重定义
C:\Program Files (x86)\Windows Kits\10\Include\10.0.22621.0\shared\winerror.h(58091): message : 参见“DXGI_STATUS_NO_DESKTOP_ACCESS”的前一个定义
C:\Program Files (x86)\Microsoft DirectX SDK (June 2010)\Include\dxgitype.h(16,1): warning C4005: “DXGI_STATUS_GRAPHICS_VIDPN_SOURCE_IN_USE”: 宏重定义
C:\Program Files (x86)\Windows Kits\10\Include\10.0.22621.0\shared\winerror.h(58100): message : 参见“DXGI_STATUS_GRAPHICS_VIDPN_SOURCE_IN_USE”的前一个定义
C:\Program Files (x86)\Microsoft DirectX SDK (June 2010)\Include\dxgitype.h(17,1): warning C4005: “DXGI_STATUS_MODE_CHANGED”: 宏重定义
C:\Program Files (x86)\Windows Kits\10\Include\10.0.22621.0\shared\winerror.h(58109): message : 参见“DXGI_STATUS_MODE_CHANGED”的前一个定义
C:\Program Files (x86)\Microsoft DirectX SDK (June 2010)\Include\dxgitype.h(18,1): warning C4005: “DXGI_STATUS_MODE_CHANGE_IN_PROGRESS”: 宏重定义
C:\Program Files (x86)\Windows Kits\10\Include\10.0.22621.0\shared\winerror.h(58118): message : 参见“DXGI_STATUS_MODE_CHANGE_IN_PROGRESS”的前一个定义
C:\Program Files (x86)\Microsoft DirectX SDK (June 2010)\Include\dxgitype.h(21,1): warning C4005: “DXGI_ERROR_INVALID_CALL”: 宏重定义
C:\Program Files (x86)\Windows Kits\10\Include\10.0.22621.0\shared\winerror.h(58133): message : 参见“DXGI_ERROR_INVALID_CALL”的前一个定义
C:\Program Files (x86)\Microsoft DirectX SDK (June 2010)\Include\dxgitype.h(22,1): warning C4005: “DXGI_ERROR_NOT_FOUND”: 宏重定义
C:\Program Files (x86)\Windows Kits\10\Include\10.0.22621.0\shared\winerror.h(58142): message : 参见“DXGI_ERROR_NOT_FOUND”的前一个定义
C:\Program Files (x86)\Microsoft DirectX SDK (June 2010)\Include\dxgitype.h(23,1): warning C4005: “DXGI_ERROR_MORE_DATA”: 宏重定义
C:\Program Files (x86)\Windows Kits\10\Include\10.0.22621.0\shared\winerror.h(58151): message : 参见“DXGI_ERROR_MORE_DATA”的前一个定义
C:\Program Files (x86)\Microsoft DirectX SDK (June 2010)\Include\dxgitype.h(24,1): warning C4005: “DXGI_ERROR_UNSUPPORTED”: 宏重定义
C:\Program Files (x86)\Windows Kits\10\Include\10.0.22621.0\shared\winerror.h(58160): message : 参见“DXGI_ERROR_UNSUPPORTED”的前一个定义
C:\Program Files (x86)\Microsoft DirectX SDK (June 2010)\Include\dxgitype.h(25,1): warning C4005: “DXGI_ERROR_DEVICE_REMOVED”: 宏重定义
C:\Program Files (x86)\Windows Kits\10\Include\10.0.22621.0\shared\winerror.h(58169): message : 参见“DXGI_ERROR_DEVICE_REMOVED”的前一个定义
C:\Program Files (x86)\Microsoft DirectX SDK (June 2010)\Include\dxgitype.h(26,1): warning C4005: “DXGI_ERROR_DEVICE_HUNG”: 宏重定义
C:\Program Files (x86)\Windows Kits\10\Include\10.0.22621.0\shared\winerror.h(58178): message : 参见“DXGI_ERROR_DEVICE_HUNG”的前一个定义
C:\Program Files (x86)\Microsoft DirectX SDK (June 2010)\Include\dxgitype.h(27,1): warning C4005: “DXGI_ERROR_DEVICE_RESET”: 宏重定义
C:\Program Files (x86)\Windows Kits\10\Include\10.0.22621.0\shared\winerror.h(58188): message : 参见“DXGI_ERROR_DEVICE_RESET”的前一个定义
C:\Program Files (x86)\Microsoft DirectX SDK (June 2010)\Include\dxgitype.h(28,1): warning C4005: “DXGI_ERROR_WAS_STILL_DRAWING”: 宏重定义
C:\Program Files (x86)\Windows Kits\10\Include\10.0.22621.0\shared\winerror.h(58197): message : 参见“DXGI_ERROR_WAS_STILL_DRAWING”的前一个定义
C:\Program Files (x86)\Microsoft DirectX SDK (June 2010)\Include\dxgitype.h(29,1): warning C4005: “DXGI_ERROR_FRAME_STATISTICS_DISJOINT”: 宏重定义
C:\Program Files (x86)\Windows Kits\10\Include\10.0.22621.0\shared\winerror.h(58207): message : 参见“DXGI_ERROR_FRAME_STATISTICS_DISJOINT”的前一个定义
C:\Program Files (x86)\Microsoft DirectX SDK (June 2010)\Include\dxgitype.h(30,1): warning C4005: “DXGI_ERROR_GRAPHICS_VIDPN_SOURCE_IN_USE”: 宏重定义
C:\Program Files (x86)\Windows Kits\10\Include\10.0.22621.0\shared\winerror.h(58216): message : 参见“DXGI_ERROR_GRAPHICS_VIDPN_SOURCE_IN_USE”的前一个定义
C:\Program Files (x86)\Microsoft DirectX SDK (June 2010)\Include\dxgitype.h(31,1): warning C4005: “DXGI_ERROR_DRIVER_INTERNAL_ERROR”: 宏重定义
C:\Program Files (x86)\Windows Kits\10\Include\10.0.22621.0\shared\winerror.h(58226): message : 参见“DXGI_ERROR_DRIVER_INTERNAL_ERROR”的前一个定义
C:\Program Files (x86)\Microsoft DirectX SDK (June 2010)\Include\dxgitype.h(32,1): warning C4005: “DXGI_ERROR_NONEXCLUSIVE”: 宏重定义
C:\Program Files (x86)\Windows Kits\10\Include\10.0.22621.0\shared\winerror.h(58235): message : 参见“DXGI_ERROR_NONEXCLUSIVE”的前一个定义
C:\Program Files (x86)\Microsoft DirectX SDK (June 2010)\Include\dxgitype.h(33,1): warning C4005: “DXGI_ERROR_NOT_CURRENTLY_AVAILABLE”: 宏重定义
C:\Program Files (x86)\Windows Kits\10\Include\10.0.22621.0\shared\winerror.h(58244): message : 参见“DXGI_ERROR_NOT_CURRENTLY_AVAILABLE”的前一个定义
C:\Program Files (x86)\Microsoft DirectX SDK (June 2010)\Include\dxgitype.h(34,1): warning C4005: “DXGI_ERROR_REMOTE_CLIENT_DISCONNECTED”: 宏重定义
C:\Program Files (x86)\Windows Kits\10\Include\10.0.22621.0\shared\winerror.h(58254): message : 参见“DXGI_ERROR_REMOTE_CLIENT_DISCONNECTED”的前一个定义
C:\Program Files (x86)\Microsoft DirectX SDK (June 2010)\Include\dxgitype.h(35,1): warning C4005: “DXGI_ERROR_REMOTE_OUTOFMEMORY”: 宏重定义
C:\Program Files (x86)\Windows Kits\10\Include\10.0.22621.0\shared\winerror.h(58263): message : 参见“DXGI_ERROR_REMOTE_OUTOFMEMORY”的前一个定义
C:\Program Files (x86)\Microsoft DirectX SDK (June 2010)\Include\d3d11.h(917,1): warning C4005: “D3D11_ERROR_TOO_MANY_UNIQUE_STATE_OBJECTS”: 宏重定义
C:\Program Files (x86)\Windows Kits\10\Include\10.0.22621.0\shared\winerror.h(58569): message : 参见“D3D11_ERROR_TOO_MANY_UNIQUE_STATE_OBJECTS”的前一个定义
C:\Program Files (x86)\Microsoft DirectX SDK (June 2010)\Include\d3d11.h(918,1): warning C4005: “D3D11_ERROR_FILE_NOT_FOUND”: 宏重定义
C:\Program Files (x86)\Windows Kits\10\Include\10.0.22621.0\shared\winerror.h(58578): message : 参见“D3D11_ERROR_FILE_NOT_FOUND”的前一个定义
C:\Program Files (x86)\Microsoft DirectX SDK (June 2010)\Include\d3d11.h(919,1): warning C4005: “D3D11_ERROR_TOO_MANY_UNIQUE_VIEW_OBJECTS”: 宏重定义
C:\Program Files (x86)\Windows Kits\10\Include\10.0.22621.0\shared\winerror.h(58588): message : 参见“D3D11_ERROR_TOO_MANY_UNIQUE_VIEW_OBJECTS”的前一个定义
C:\Program Files (x86)\Microsoft DirectX SDK (June 2010)\Include\d3d11.h(920,1): warning C4005: “D3D11_ERROR_DEFERRED_CONTEXT_MAP_WITHOUT_INITIAL_DISCARD”: 宏重定义
C:\Program Files (x86)\Windows Kits\10\Include\10.0.22621.0\shared\winerror.h(58597): message : 参见“D3D11_ERROR_DEFERRED_CONTEXT_MAP_WITHOUT_INITIAL_DISCARD”的前一个定义
C:\Program Files (x86)\Microsoft DirectX SDK (June 2010)\Include\d3d10.h(608,1): warning C4005: “D3D10_ERROR_TOO_MANY_UNIQUE_STATE_OBJECTS”: 宏重定义
C:\Program Files (x86)\Windows Kits\10\Include\10.0.22621.0\shared\winerror.h(58545): message : 参见“D3D10_ERROR_TOO_MANY_UNIQUE_STATE_OBJECTS”的前一个定义
C:\Program Files (x86)\Microsoft DirectX SDK (June 2010)\Include\d3d10.h(609,1): warning C4005: “D3D10_ERROR_FILE_NOT_FOUND”: 宏重定义
C:\Program Files (x86)\Windows Kits\10\Include\10.0.22621.0\shared\winerror.h(58554): message : 参见“D3D10_ERROR_FILE_NOT_FOUND”的前一个定义
D:\Code\C_C++\pjwatch\control\defs.h(114,1): warning C4005: “LOBYTE”: 宏重定义
C:\Program Files (x86)\Windows Kits\10\Include\10.0.22621.0\shared\minwindef.h(206): message : 参见“LOBYTE”的前一个定义
D:\Code\C_C++\pjwatch\control\defs.h(115,1): warning C4005: “LOWORD”: 宏重定义
C:\Program Files (x86)\Windows Kits\10\Include\10.0.22621.0\shared\minwindef.h(204): message : 参见“LOWORD”的前一个定义
D:\Code\C_C++\pjwatch\control\defs.h(117,1): warning C4005: “HIBYTE”: 宏重定义
C:\Program Files (x86)\Windows Kits\10\Include\10.0.22621.0\shared\minwindef.h(207): message : 参见“HIBYTE”的前一个定义
D:\Code\C_C++\pjwatch\control\defs.h(118,1): warning C4005: “HIWORD”: 宏重定义
C:\Program Files (x86)\Windows Kits\10\Include\10.0.22621.0\shared\minwindef.h(205): message : 参见“HIWORD”的前一个定义
D:\Code\C_C++\pjwatch\control\plugin.h(53,1): warning C4267: “参数”: 从“size_t”转换到“DWORD”，可能丢失数据
D:\Code\C_C++\pjwatch\control\imgui\render.h(204,34): warning C4244: “参数”: 从“uint32_t”转换到“float”，可能丢失数据
D:\Code\C_C++\pjwatch\control\imgui\render.h(204,20): warning C4244: “参数”: 从“uint32_t”转换到“float”，可能丢失数据
D:\Code\C_C++\pjwatch\control\imgui\render.h(229,1): warning C4267: “参数”: 从“size_t”转换到“int”，可能丢失数据
D:\Code\C_C++\pjwatch\control\imgui\render.h(260,1): warning C4267: “参数”: 从“size_t”转换到“int”，可能丢失数据
D:\Code\C_C++\pjwatch\control\utils.h(42,90): warning C4267: “参数”: 从“size_t”转换到“int”，可能丢失数据
D:\Code\C_C++\pjwatch\control\utils.h(45,84): warning C4267: “参数”: 从“size_t”转换到“int”，可能丢失数据
D:\Code\C_C++\pjwatch\control\utils.h(57,76): warning C4267: “参数”: 从“size_t”转换到“int”，可能丢失数据
D:\Code\C_C++\pjwatch\control\utils.h(60,70): warning C4267: “参数”: 从“size_t”转换到“int”，可能丢失数据
D:\Code\C_C++\pjwatch\control\utils.h(74,75): warning C4267: “参数”: 从“size_t”转换到“int”，可能丢失数据
D:\Code\C_C++\pjwatch\control\utils.h(226,28): warning C4267: “=”: 从“size_t”转换到“DWORD”，可能丢失数据
D:\Code\C_C++\pjwatch\control\process\module.h(95,54): warning C4244: “=”: 从“const uint64_t”转换到“int”，可能丢失数据
D:\Code\C_C++\pjwatch\control\process\module.h(96,1): warning C4267: “=”: 从“size_t”转换到“int”，可能丢失数据
D:\Code\C_C++\pjwatch\control\process\thread.h(118,68): warning C4244: “=”: 从“uint64_t”转换到“int”，可能丢失数据
D:\Code\C_C++\pjwatch\control\process\vehhandler.h(78,68): warning C4244: “参数”: 从“uint64_t”转换到“uint32”，可能丢失数据
D:\Code\C_C++\pjwatch\control\process\vehhandler.h(136,62): warning C4244: “=”: 从“uint64_t”转换到“int”，可能丢失数据
D:\Code\C_C++\pjwatch\control\process\vehhandler.h(147,27): warning C4244: “return”: 从“uint64_t”转换到“int”，可能丢失数据
D:\Code\C_C++\pjwatch\control\main.cpp(12,113): warning C4244: “参数”: 从“double”转换到“float”，可能丢失数据
D:\Code\C_C++\pjwatch\control\main.cpp(43,40): warning C4267: “参数”: 从“size_t”转换到“int”，可能丢失数据
D:\Code\C_C++\pjwatch\control\main.cpp(313,40): warning C4267: “参数”: 从“size_t”转换到“int”，可能丢失数据
D:\Code\C_C++\pjwatch\control\main.cpp(319,48): warning C4244: “参数”: 从“uint64_t”转换到“int”，可能丢失数据
D:\Code\C_C++\pjwatch\control\main.cpp(418,67): warning C4244: “参数”: 从“double”转换到“float”，可能丢失数据
D:\Code\C_C++\pjwatch\control\main.cpp(425,67): warning C4244: “参数”: 从“double”转换到“float”，可能丢失数据
D:\Code\C_C++\pjwatch\control\main.cpp(432,67): warning C4244: “参数”: 从“double”转换到“float”，可能丢失数据
D:\Code\C_C++\pjwatch\control\main.cpp(465,127): warning C4244: “参数”: 从“double”转换到“float”，可能丢失数据
D:\Code\C_C++\pjwatch\control\main.cpp(465,86): warning C4244: “参数”: 从“double”转换到“float”，可能丢失数据
D:\Code\C_C++\pjwatch\control\main.cpp(502,132): warning C4244: “参数”: 从“double”转换到“float”，可能丢失数据
D:\Code\C_C++\pjwatch\control\main.cpp(502,91): warning C4244: “参数”: 从“double”转换到“float”，可能丢失数据
D:\Code\C_C++\pjwatch\control\main.cpp(536,128): warning C4244: “参数”: 从“double”转换到“float”，可能丢失数据
D:\Code\C_C++\pjwatch\control\main.cpp(536,87): warning C4244: “参数”: 从“double”转换到“float”，可能丢失数据
D:\Code\C_C++\pjwatch\control\main.cpp(582,83): warning C4244: “参数”: 从“double”转换到“float”，可能丢失数据
D:\Code\C_C++\pjwatch\control\main.cpp(637,39): warning C4267: “参数”: 从“size_t”转换到“int”，可能丢失数据
D:\Code\C_C++\pjwatch\control\main.cpp(705,39): warning C4267: “参数”: 从“size_t”转换到“int”，可能丢失数据
D:\Code\C_C++\pjwatch\control\main.cpp(712,49): warning C4244: “参数”: 从“uint64_t”转换到“int”，可能丢失数据
D:\SoftWare\Microsoft Visual Studio\Visual Studio\VC\Tools\MSVC\14.28.29910\include\xstring(2468,23): warning C4244: “参数”: 从“wchar_t”转换到“const _Elem”，可能丢失数据
          with
          [
              _Elem=char
          ]
D:\SoftWare\Microsoft Visual Studio\Visual Studio\VC\Tools\MSVC\14.28.29910\include\xstring(2479): message : 查看对正在编译的函数 模板 实例化“void std::basic_string<char,std::char_traits<char>,std::allocator<char>>::_Construct<wchar_t*>(_Iter,const _Iter,std::input_iterator_tag)”的引用
          with
          [
              _Iter=wchar_t *
          ]
D:\SoftWare\Microsoft Visual Studio\Visual Studio\VC\Tools\MSVC\14.28.29910\include\xstring(2479): message : 查看对正在编译的函数 模板 实例化“void std::basic_string<char,std::char_traits<char>,std::allocator<char>>::_Construct<wchar_t*>(_Iter,const _Iter,std::input_iterator_tag)”的引用
          with
          [
              _Iter=wchar_t *
          ]
D:\SoftWare\Microsoft Visual Studio\Visual Studio\VC\Tools\MSVC\14.28.29910\include\xstring(2459): message : 查看对正在编译的函数 模板 实例化“void std::basic_string<char,std::char_traits<char>,std::allocator<char>>::_Construct<wchar_t*>(const _Iter,const _Iter,std::forward_iterator_tag)”的引用
          with
          [
              _Iter=wchar_t *
          ]
D:\SoftWare\Microsoft Visual Studio\Visual Studio\VC\Tools\MSVC\14.28.29910\include\xstring(2459): message : 查看对正在编译的函数 模板 实例化“void std::basic_string<char,std::char_traits<char>,std::allocator<char>>::_Construct<wchar_t*>(const _Iter,const _Iter,std::forward_iterator_tag)”的引用
          with
          [
              _Iter=wchar_t *
          ]
D:\Code\C_C++\pjwatch\control\process\process.h(117): message : 查看对正在编译的函数 模板 实例化“std::basic_string<char,std::char_traits<char>,std::allocator<char>>::basic_string<std::_String_iterator<std::_String_val<std::_Simple_types<_Elem>>>,0>(_Iter,_Iter,const _Alloc &)”的引用
          with
          [
              _Elem=wchar_t,
              _Iter=std::_String_iterator<std::_String_val<std::_Simple_types<wchar_t>>>,
              _Alloc=std::allocator<char>
          ]
D:\Code\C_C++\pjwatch\control\process\process.h(117): message : 查看对正在编译的函数 模板 实例化“std::basic_string<char,std::char_traits<char>,std::allocator<char>>::basic_string<std::_String_iterator<std::_String_val<std::_Simple_types<_Elem>>>,0>(_Iter,_Iter,const _Alloc &)”的引用
          with
          [
              _Elem=wchar_t,
              _Iter=std::_String_iterator<std::_String_val<std::_Simple_types<wchar_t>>>,
              _Alloc=std::allocator<char>
          ]
D:\Code\C_C++\pjwatch\control\debugger\debugger.h(89): warning C4172: 返回局部变量或临时变量的地址: info
D:\Code\C_C++\pjwatch\control\imgui\render.h(225): warning C4715: “render::CreatGui”: 不是所有的控件路径都返回值
  control.vcxproj -> D:\Code\C_C++\pjwatch\build\contorl.exe
