d:\code\c_c++\pjwatch\pjwatch\x64\release\vc142.pdb
d:\code\c_c++\pjwatch\pjwatch\x64\release\main.obj
c:\users\superrong\desktop\pjwatch_优化\pjwatch\x64\release\pjwatch.lib
c:\users\superrong\desktop\pjwatch_优化\pjwatch\x64\release\pjwatch.exp
c:\users\superrong\desktop\pjark\x64\release\pjwatch.lib
c:\users\superrong\desktop\pjark\x64\release\pjwatch.exp
c:\users\superrong\desktop\todo\pjark\x64\release\pjwatch.lib
c:\users\superrong\desktop\todo\pjark\x64\release\pjwatch.exp
d:\code\c_c++\pjwatch\x64\release\pjwatch.dll
d:\code\c_c++\pjwatch\pjwatch\x64\release\pjwatch.ipdb
d:\code\c_c++\pjwatch\pjwatch\x64\release\pjwatch.iobj
d:\code\c_c++\pjwatch\x64\release\pjwatch.pdb
d:\code\c_c++\pjwatch\pjwatch\x64\release\callback.obj
c:\users\v_trgtang\desktop\pjwatch\x64\release\pjwatch.lib
c:\users\v_trgtang\desktop\pjwatch\x64\release\pjwatch.exp
d:\code\c_c++\pjwatch\x64\release\pjwatch.lib
d:\code\c_c++\pjwatch\x64\release\pjwatch.exp
d:\code\c_c++\pjwatch\pjwatch\x64\release\vc143.pdb
d:\code\c_c++\pjwatch\build\pjveh_64.dll.pdb
d:\code\c_c++\pjwatch\build\pjveh_64.dll.dll
d:\code\c_c++\pjwatch\pjwatch\x64\release\pjwatch.tlog\cl.command.1.tlog
d:\code\c_c++\pjwatch\pjwatch\x64\release\pjwatch.tlog\cl.items.tlog
d:\code\c_c++\pjwatch\pjwatch\x64\release\pjwatch.tlog\cl.read.1.tlog
d:\code\c_c++\pjwatch\pjwatch\x64\release\pjwatch.tlog\cl.write.1.tlog
d:\code\c_c++\pjwatch\pjwatch\x64\release\pjwatch.tlog\link.command.1.tlog
d:\code\c_c++\pjwatch\pjwatch\x64\release\pjwatch.tlog\link.read.1.tlog
d:\code\c_c++\pjwatch\pjwatch\x64\release\pjwatch.tlog\link.write.1.tlog
d:\code\c_c++\pjwatch\pjwatch\x64\release\pjwatch.tlog\masm.read.1u.tlog
d:\code\c_c++\pjwatch\pjwatch\x64\release\pjwatch.tlog\masm.write.1u.tlog
d:\code\c_c++\pjwatch\pjwatch\x64\release\pjwatch.tlog\pjwatch.write.1u.tlog
