c:\users\superrong\desktop\todo\pjark\pjveh\x64\release\vc143.pdb
c:\users\superrong\desktop\todo\pjark\pjveh\x64\release\main.obj
c:\users\superrong\desktop\todo\pjark\build\pjveh_64.dll
c:\users\superrong\desktop\todo\pjark\pjveh\x64\release\pjveh_64.ipdb
c:\users\superrong\desktop\todo\pjark\build\pjveh_64.pdb
c:\users\superrong\desktop\todo\pjark\pjveh\x64\release\pjveh_64.iobj
c:\users\superrong\desktop\todo\pjark\build\pjveh_64.lib
c:\users\superrong\desktop\todo\pjark\build\pjveh_64.exp
c:\users\superrong\desktop\todo\pjark\pjveh\x64\release\callback.obj
d:\code\c_c++\pjark\build\pjveh_64.lib
d:\code\c_c++\pjark\build\pjveh_64.exp
d:\code\c_c++\pjark\pjveh\x64\release\callback.obj
d:\code\c_c++\pjark\pjveh\x64\release\main.obj
d:\code\c_c++\pjark\pjveh\x64\release\pjveh_64.ipdb
d:\code\c_c++\pjark\pjveh\x64\release\pjveh_64.iobj
d:\code\c_c++\pjark\pjveh\x64\release\vc142.pdb
d:\code\c_c++\pjark\pjveh\x64\release\vc143.pdb
d:\code\c_c++\pjark\pjveh\x64\release\pjveh.tlog\cl.command.1.tlog
d:\code\c_c++\pjark\pjveh\x64\release\pjveh.tlog\cl.items.tlog
d:\code\c_c++\pjark\pjveh\x64\release\pjveh.tlog\cl.read.1.tlog
d:\code\c_c++\pjark\pjveh\x64\release\pjveh.tlog\cl.write.1.tlog
d:\code\c_c++\pjark\pjveh\x64\release\pjveh.tlog\link.command.1.tlog
d:\code\c_c++\pjark\pjveh\x64\release\pjveh.tlog\link.read.1.tlog
d:\code\c_c++\pjark\pjveh\x64\release\pjveh.tlog\link.write.1.tlog
d:\code\c_c++\pjark\pjveh\x64\release\pjveh.tlog\link.write.2u.tlog
d:\code\c_c++\pjark\pjveh\x64\release\pjveh.tlog\masm.read.1u.tlog
d:\code\c_c++\pjark\pjveh\x64\release\pjveh.tlog\masm.write.1u.tlog
d:\code\c_c++\pjark\pjveh\x64\release\pjveh.tlog\pjveh.write.1u.tlog
