c:\users\v_trgtang\desktop\pjwatch\pjwatch\x64\release\vc142.pdb
c:\users\v_trgtang\desktop\pjwatch\pjwatch\x64\release\main.obj
c:\users\v_trgtang\desktop\pjwatch\x64\release\pjwatch.dll
c:\users\v_trgtang\desktop\pjwatch\pjwatch\x64\release\pjwatch.ipdb
c:\users\v_trgtang\desktop\pjwatch\pjwatch\x64\release\pjwatch.iobj
c:\users\v_trgtang\desktop\pjwatch\x64\release\pjwatch.pdb
c:\users\v_trgtang\desktop\pjwatch\pjwatch\x64\release\callback.obj
c:\users\v_trgtang\desktop\pjwatch\x64\release\pjwatch.lib
c:\users\v_trgtang\desktop\pjwatch\x64\release\pjwatch.exp
c:\users\v_trgtang\desktop\pjwatch\pjwatch\x64\release\instrumentationcallback.obj
c:\users\v_trgtang\desktop\pjwatch\pjwatch\x64\release\instrumentationcallbackbridge.obj
c:\users\v_trgtang\desktop\pjwatch\pjwatch\x64\release\consoleapplication2.ipdb
c:\users\v_trgtang\desktop\pjwatch\pjwatch\x64\release\syscallwatch.ipdb
c:\users\v_trgtang\desktop\pjwatch\pjwatch\x64\release\consoleapplication2.iobj
c:\users\v_trgtang\desktop\pjwatch\pjwatch\x64\release\syscallwatch.iobj
c:\users\v_trgtang\desktop\pjwatch\pjwatch\x64\release\vc143.pdb
c:\users\v_trgtang\desktop\pjwatch\pjwatch\x64\release\pjwatch.tlog\cl.command.1.tlog
c:\users\v_trgtang\desktop\pjwatch\pjwatch\x64\release\pjwatch.tlog\cl.items.tlog
c:\users\v_trgtang\desktop\pjwatch\pjwatch\x64\release\pjwatch.tlog\cl.read.1.tlog
c:\users\v_trgtang\desktop\pjwatch\pjwatch\x64\release\pjwatch.tlog\cl.write.1.tlog
c:\users\v_trgtang\desktop\pjwatch\pjwatch\x64\release\pjwatch.tlog\link.command.1.tlog
c:\users\v_trgtang\desktop\pjwatch\pjwatch\x64\release\pjwatch.tlog\link.read.1.tlog
c:\users\v_trgtang\desktop\pjwatch\pjwatch\x64\release\pjwatch.tlog\link.write.1.tlog
c:\users\v_trgtang\desktop\pjwatch\pjwatch\x64\release\pjwatch.tlog\masm.read.1u.tlog
c:\users\v_trgtang\desktop\pjwatch\pjwatch\x64\release\pjwatch.tlog\masm.write.1u.tlog
c:\users\v_trgtang\desktop\pjwatch\pjwatch\x64\release\pjwatch.tlog\pjwatch.write.1u.tlog
