c:\users\superrong\desktop\todo\nobanme\plugin\x64\debug\vc143.pdb
c:\users\superrong\desktop\todo\nobanme\plugin\x64\debug\vc143.idb
c:\users\superrong\desktop\todo\nobanme\plugin\x64\debug\reflector.obj
c:\users\superrong\desktop\todo\nobanme\plugin\x64\debug\vehdbg.obj
c:\users\superrong\desktop\todo\nobanme\plugin\x64\debug\main.obj
c:\users\superrong\desktop\todo\nobanme\plugin\x64\debug\safehook.obj
c:\users\superrong\desktop\todo\nobanme\build\plugin_64.lib
c:\users\superrong\desktop\todo\nobanme\build\plugin_64.exp
c:\users\superrong\desktop\todo\nobanme\plugin\x64\debug\callback.obj
c:\users\superrong\desktop\todo\nobanme\plugin\x64\debug\hook_dispatch.obj
c:\users\superrong\desktop\todo\nobanme\build\plugin_64.pdb
c:\users\superrong\desktop\todo\nobanme\build\plugin_64.dll
c:\users\superrong\desktop\todo\nobanme\plugin\x64\debug\plugin.tlog\cl.command.1.tlog
c:\users\superrong\desktop\todo\nobanme\plugin\x64\debug\plugin.tlog\cl.items.tlog
c:\users\superrong\desktop\todo\nobanme\plugin\x64\debug\plugin.tlog\cl.read.1.tlog
c:\users\superrong\desktop\todo\nobanme\plugin\x64\debug\plugin.tlog\cl.write.1.tlog
c:\users\superrong\desktop\todo\nobanme\plugin\x64\debug\plugin.tlog\link.command.1.tlog
c:\users\superrong\desktop\todo\nobanme\plugin\x64\debug\plugin.tlog\link.read.1.tlog
c:\users\superrong\desktop\todo\nobanme\plugin\x64\debug\plugin.tlog\link.write.1.tlog
c:\users\superrong\desktop\todo\nobanme\plugin\x64\debug\plugin.tlog\link.write.2u.tlog
c:\users\superrong\desktop\todo\nobanme\plugin\x64\debug\plugin.tlog\masm.read.1u.tlog
c:\users\superrong\desktop\todo\nobanme\plugin\x64\debug\plugin.tlog\masm.write.1u.tlog
